<?xml version="1.0" encoding="UTF-8"?>
<!-- Generated by org.testng.reporters.JUnitXMLReporter -->
<testsuite ignored="2" hostname="DESKTOP-4ORC1A7" failures="1" tests="4" name="AllTests" time="141.16" errors="0" timestamp="2026-04-01T21:18:13 IST">
  <testcase classname="Test.logintest" name="loginTest" time="25.591"/>
  <testcase classname="Test.logintest" name="profile" time="17.368"/>
  <testcase classname="Test.logintest" name="addcategory" time="43.858"/>
  <testcase classname="Test.checkouttest" name="checktest" time="53.169">
    <failure type="org.openqa.selenium.InvalidElementStateException" message="Cannot set the element to &amp;apos;4.24242424242E11&amp;apos;. Did you interact with the correct element?
Build info: version: &amp;apos;4.21.0&amp;apos;, revision: &amp;apos;79ed462ef4&amp;apos;
System info: os.name: &amp;apos;Windows 10&amp;apos;, os.arch: &amp;apos;amd64&amp;apos;, os.version: &amp;apos;10.0&amp;apos;, java.version: &amp;apos;17.0.10&amp;apos;
Driver info: io.appium.java_client.android.AndroidDriver
Command: [d7a738cc-7955-43fc-8132-f2e32f0f24c1, sendKeysToElement {id=00000000-0000-39cf-0000-001c00001d18, value=[Ljava.lang.CharSequence;@507d64aa}]
Capabilities {appium:appActivity: com.codezilla.direct_source..., appium:appPackage: com.codezilla.direct_source..., appium:autoGrantPermissions: true, appium:automationName: UiAutomator2, appium:databaseEnabled: false, appium:desired: {appActivity: com.codezilla.direct_source..., appPackage: com.codezilla.direct_source..., autoGrantPermissions: true, automationName: UiAutomator2, deviceName: emulator-5554, platformName: ANDROID}, appium:deviceApiLevel: 34, appium:deviceManufacturer: Google, appium:deviceModel: sdk_gphone64_x86_64, appium:deviceName: emulator-5554, appium:deviceScreenDensity: 420, appium:deviceScreenSize: 1080x2400, appium:deviceUDID: emulator-5554, appium:javascriptEnabled: true, appium:locationContextEnabled: false, appium:networkConnectionEnabled: true, appium:pixelRatio: 2.625, appium:platformVersion: 14, appium:statBarHeight: 118, appium:takesScreenshot: true, appium:viewportRect: {height: 2282, left: 0, top: 118, width: 1080}, appium:warnings: {}, appium:webStorageEnabled: false, platformName: ANDROID}
Element: [[AndroidDriver:  on ANDROID (d7a738cc-7955-43fc-8132-f2e32f0f24c1)] -&amp;gt; xpath: (//android.widget.EditText)[1]]
Session ID: d7a738cc-7955-43fc-8132-f2e32f0f24c1">
      <![CDATA[org.openqa.selenium.InvalidElementStateException: Cannot set the element to '4.24242424242E11'. Did you interact with the correct element?
Build info: version: '4.21.0', revision: '79ed462ef4'
System info: os.name: 'Windows 10', os.arch: 'amd64', os.version: '10.0', java.version: '17.0.10'
Driver info: io.appium.java_client.android.AndroidDriver
Command: [d7a738cc-7955-43fc-8132-f2e32f0f24c1, sendKeysToElement {id=00000000-0000-39cf-0000-001c00001d18, value=[Ljava.lang.CharSequence;@507d64aa}]
Capabilities {appium:appActivity: com.codezilla.direct_source..., appium:appPackage: com.codezilla.direct_source..., appium:autoGrantPermissions: true, appium:automationName: UiAutomator2, appium:databaseEnabled: false, appium:desired: {appActivity: com.codezilla.direct_source..., appPackage: com.codezilla.direct_source..., autoGrantPermissions: true, automationName: UiAutomator2, deviceName: emulator-5554, platformName: ANDROID}, appium:deviceApiLevel: 34, appium:deviceManufacturer: Google, appium:deviceModel: sdk_gphone64_x86_64, appium:deviceName: emulator-5554, appium:deviceScreenDensity: 420, appium:deviceScreenSize: 1080x2400, appium:deviceUDID: emulator-5554, appium:javascriptEnabled: true, appium:locationContextEnabled: false, appium:networkConnectionEnabled: true, appium:pixelRatio: 2.625, appium:platformVersion: 14, appium:statBarHeight: 118, appium:takesScreenshot: true, appium:viewportRect: {height: 2282, left: 0, top: 118, width: 1080}, appium:warnings: {}, appium:webStorageEnabled: false, platformName: ANDROID}
Element: [[AndroidDriver:  on ANDROID (d7a738cc-7955-43fc-8132-f2e32f0f24c1)] -> xpath: (//android.widget.EditText)[1]]
Session ID: d7a738cc-7955-43fc-8132-f2e32f0f24c1
at org.openqa.selenium.remote.ErrorCodec.decode(ErrorCodec.java:167)
at org.openqa.selenium.remote.codec.w3c.W3CHttpResponseCodec.decode(W3CHttpResponseCodec.java:138)
at org.openqa.selenium.remote.codec.w3c.W3CHttpResponseCodec.decode(W3CHttpResponseCodec.java:50)
at org.openqa.selenium.remote.HttpCommandExecutor.execute(HttpCommandExecutor.java:190)
at io.appium.java_client.remote.AppiumCommandExecutor.execute(AppiumCommandExecutor.java:237)
at org.openqa.selenium.remote.RemoteWebDriver.execute(RemoteWebDriver.java:518)
at org.openqa.selenium.remote.RemoteWebElement.execute(RemoteWebElement.java:223)
at org.openqa.selenium.remote.RemoteWebElement.sendKeys(RemoteWebElement.java:110)
at Utilities.common.sendKeys(common.java:113)
at pages.addresspage.enterCardDetails(addresspage.java:228)
at Test.checkouttest.checktest(checkouttest.java:27)
at java.base/java.util.ArrayList.forEach(ArrayList.java:1511)
... Removed 32 stack frames]]>
    </failure>
  </testcase> <!-- checktest -->
  <testcase classname="base.BaseClass" name="@AfterSuite teardown" time="0.0">
    <ignored/>
  </testcase> <!-- @AfterSuite teardown -->
  <testcase classname="base.BaseClass" name="@BeforeSuite setup" time="0.0">
    <ignored/>
  </testcase> <!-- @BeforeSuite setup -->
</testsuite> <!-- AllTests -->
