<?xml version="1.0" encoding="UTF-8"?>
<testng-results ignored="0" total="4" passed="3" failed="1" skipped="0">
  <reporter-output>
  </reporter-output>
  <suite started-at="2026-04-01T21:15:52 IST" name="Suite" finished-at="2026-04-01T21:18:13 IST" duration-ms="141160">
    <groups>
      <group name="loginFlow">
        <method signature="logintest.loginTest()[pri:-2, instance:Test.logintest@561b6512]" name="loginTest" class="Test.logintest"/>
        <method signature="logintest.profile()[pri:-1, instance:Test.logintest@561b6512]" name="profile" class="Test.logintest"/>
        <method signature="logintest.addcategory()[pri:0, instance:Test.logintest@561b6512]" name="addcategory" class="Test.logintest"/>
      </group> <!-- loginFlow -->
    </groups>
    <test started-at="2026-04-01T21:15:52 IST" name="AllTests" finished-at="2026-04-01T21:18:13 IST" duration-ms="141160">
      <class name="Test.logintest">
        <test-method is-config="true" signature="setup()[pri:0, instance:Test.logintest@561b6512]" started-at="2026-04-01T21:15:37 IST" name="setup" finished-at="2026-04-01T21:15:52 IST" duration-ms="15259" status="PASS">
          <reporter-output>
          </reporter-output>
        </test-method> <!-- setup -->
        <test-method signature="loginTest()[pri:-2, instance:Test.logintest@561b6512]" started-at="2026-04-01T21:15:52 IST" name="loginTest" finished-at="2026-04-01T21:16:17 IST" duration-ms="25591" status="PASS">
          <reporter-output>
          </reporter-output>
        </test-method> <!-- loginTest -->
        <test-method signature="profile()[pri:-1, instance:Test.logintest@561b6512]" started-at="2026-04-01T21:16:17 IST" name="profile" finished-at="2026-04-01T21:16:35 IST" depends-on-methods="Test.logintest.loginTest" duration-ms="17368" status="PASS">
          <reporter-output>
          </reporter-output>
        </test-method> <!-- profile -->
        <test-method signature="addcategory()[pri:0, instance:Test.logintest@561b6512]" started-at="2026-04-01T21:16:35 IST" name="addcategory" finished-at="2026-04-01T21:17:19 IST" depends-on-methods="Test.logintest.profile" duration-ms="43858" status="PASS">
          <reporter-output>
          </reporter-output>
        </test-method> <!-- addcategory -->
        <test-method is-config="true" signature="teardown()[pri:0, instance:Test.logintest@561b6512]" started-at="2026-04-01T21:18:13 IST" name="teardown" finished-at="2026-04-01T21:18:16 IST" duration-ms="3481" status="PASS">
          <reporter-output>
          </reporter-output>
        </test-method> <!-- teardown -->
      </class> <!-- Test.logintest -->
      <class name="Test.checkouttest">
        <test-method signature="checktest(java.lang.String,java.lang.String,java.lang.String,java.lang.String)[pri:0, instance:Test.checkouttest@757277dc]" started-at="2026-04-01T21:17:20 IST" name="checktest" data-provider="paymentData" depends-on-groups="loginFlow" finished-at="2026-04-01T21:18:13 IST" duration-ms="53169" status="FAIL">
          <params>
            <param index="0">
              <value>
                <![CDATA[4.24242424242E11]]>
              </value>
            </param>
            <param index="1">
              <value>
                <![CDATA[0.1411764705882353]]>
              </value>
            </param>
            <param index="2">
              <value>
                <![CDATA[541.0]]>
              </value>
            </param>
            <param index="3">
              <value>
                <![CDATA[897915.0]]>
              </value>
            </param>
          </params>
          <exception class="org.openqa.selenium.InvalidElementStateException">
            <message>
              <![CDATA[Cannot set the element to '4.24242424242E11'. Did you interact with the correct element?
Build info: version: '4.21.0', revision: '79ed462ef4'
System info: os.name: 'Windows 10', os.arch: 'amd64', os.version: '10.0', java.version: '17.0.10'
Driver info: io.appium.java_client.android.AndroidDriver
Command: [d7a738cc-7955-43fc-8132-f2e32f0f24c1, sendKeysToElement {id=00000000-0000-39cf-0000-001c00001d18, value=[Ljava.lang.CharSequence;@507d64aa}]
Capabilities {appium:appActivity: com.codezilla.direct_source..., appium:appPackage: com.codezilla.direct_source..., appium:autoGrantPermissions: true, appium:automationName: UiAutomator2, appium:databaseEnabled: false, appium:desired: {appActivity: com.codezilla.direct_source..., appPackage: com.codezilla.direct_source..., autoGrantPermissions: true, automationName: UiAutomator2, deviceName: emulator-5554, platformName: ANDROID}, appium:deviceApiLevel: 34, appium:deviceManufacturer: Google, appium:deviceModel: sdk_gphone64_x86_64, appium:deviceName: emulator-5554, appium:deviceScreenDensity: 420, appium:deviceScreenSize: 1080x2400, appium:deviceUDID: emulator-5554, appium:javascriptEnabled: true, appium:locationContextEnabled: false, appium:networkConnectionEnabled: true, appium:pixelRatio: 2.625, appium:platformVersion: 14, appium:statBarHeight: 118, appium:takesScreenshot: true, appium:viewportRect: {height: 2282, left: 0, top: 118, width: 1080}, appium:warnings: {}, appium:webStorageEnabled: false, platformName: ANDROID}
Element: [[AndroidDriver:  on ANDROID (d7a738cc-7955-43fc-8132-f2e32f0f24c1)] -> xpath: (//android.widget.EditText)[1]]
Session ID: d7a738cc-7955-43fc-8132-f2e32f0f24c1]]>
            </message>
            <full-stacktrace>
              <![CDATA[org.openqa.selenium.InvalidElementStateException: Cannot set the element to '4.24242424242E11'. Did you interact with the correct element?
Build info: version: '4.21.0', revision: '79ed462ef4'
System info: os.name: 'Windows 10', os.arch: 'amd64', os.version: '10.0', java.version: '17.0.10'
Driver info: io.appium.java_client.android.AndroidDriver
Command: [d7a738cc-7955-43fc-8132-f2e32f0f24c1, sendKeysToElement {id=00000000-0000-39cf-0000-001c00001d18, value=[Ljava.lang.CharSequence;@507d64aa}]
Capabilities {appium:appActivity: com.codezilla.direct_source..., appium:appPackage: com.codezilla.direct_source..., appium:autoGrantPermissions: true, appium:automationName: UiAutomator2, appium:databaseEnabled: false, appium:desired: {appActivity: com.codezilla.direct_source..., appPackage: com.codezilla.direct_source..., autoGrantPermissions: true, automationName: UiAutomator2, deviceName: emulator-5554, platformName: ANDROID}, appium:deviceApiLevel: 34, appium:deviceManufacturer: Google, appium:deviceModel: sdk_gphone64_x86_64, appium:deviceName: emulator-5554, appium:deviceScreenDensity: 420, appium:deviceScreenSize: 1080x2400, appium:deviceUDID: emulator-5554, appium:javascriptEnabled: true, appium:locationContextEnabled: false, appium:networkConnectionEnabled: true, appium:pixelRatio: 2.625, appium:platformVersion: 14, appium:statBarHeight: 118, appium:takesScreenshot: true, appium:viewportRect: {height: 2282, left: 0, top: 118, width: 1080}, appium:warnings: {}, appium:webStorageEnabled: false, platformName: ANDROID}
Element: [[AndroidDriver:  on ANDROID (d7a738cc-7955-43fc-8132-f2e32f0f24c1)] -> xpath: (//android.widget.EditText)[1]]
Session ID: d7a738cc-7955-43fc-8132-f2e32f0f24c1
at java.base/jdk.internal.reflect.NativeConstructorAccessorImpl.newInstance0(Native Method)
at java.base/jdk.internal.reflect.NativeConstructorAccessorImpl.newInstance(NativeConstructorAccessorImpl.java:77)
at java.base/jdk.internal.reflect.DelegatingConstructorAccessorImpl.newInstance(DelegatingConstructorAccessorImpl.java:45)
at java.base/java.lang.reflect.Constructor.newInstanceWithCaller(Constructor.java:499)
at java.base/java.lang.reflect.Constructor.newInstance(Constructor.java:480)
at org.openqa.selenium.remote.ErrorCodec.decode(ErrorCodec.java:167)
at org.openqa.selenium.remote.codec.w3c.W3CHttpResponseCodec.decode(W3CHttpResponseCodec.java:138)
at org.openqa.selenium.remote.codec.w3c.W3CHttpResponseCodec.decode(W3CHttpResponseCodec.java:50)
at org.openqa.selenium.remote.HttpCommandExecutor.execute(HttpCommandExecutor.java:190)
at io.appium.java_client.remote.AppiumCommandExecutor.execute(AppiumCommandExecutor.java:237)
at org.openqa.selenium.remote.RemoteWebDriver.execute(RemoteWebDriver.java:518)
at org.openqa.selenium.remote.RemoteWebElement.execute(RemoteWebElement.java:223)
at org.openqa.selenium.remote.RemoteWebElement.sendKeys(RemoteWebElement.java:110)
at Utilities.common.sendKeys(common.java:113)
at pages.addresspage.enterCardDetails(addresspage.java:228)
at Test.checkouttest.checktest(checkouttest.java:27)
at java.base/jdk.internal.reflect.NativeMethodAccessorImpl.invoke0(Native Method)
at java.base/jdk.internal.reflect.NativeMethodAccessorImpl.invoke(NativeMethodAccessorImpl.java:77)
at java.base/jdk.internal.reflect.DelegatingMethodAccessorImpl.invoke(DelegatingMethodAccessorImpl.java:43)
at java.base/java.lang.reflect.Method.invoke(Method.java:568)
at org.testng.internal.invokers.MethodInvocationHelper.invokeMethod(MethodInvocationHelper.java:141)
at org.testng.internal.invokers.TestInvoker.invokeMethod(TestInvoker.java:687)
at org.testng.internal.invokers.TestInvoker.invokeTestMethod(TestInvoker.java:230)
at org.testng.internal.invokers.MethodRunner.runInSequence(MethodRunner.java:63)
at org.testng.internal.invokers.TestInvoker$MethodInvocationAgent.invoke(TestInvoker.java:995)
at org.testng.internal.invokers.TestInvoker.invokeTestMethods(TestInvoker.java:203)
at org.testng.internal.invokers.TestMethodWorker.invokeTestMethods(TestMethodWorker.java:154)
at org.testng.internal.invokers.TestMethodWorker.run(TestMethodWorker.java:134)
at java.base/java.util.ArrayList.forEach(ArrayList.java:1511)
at org.testng.TestRunner.privateRun(TestRunner.java:741)
at org.testng.TestRunner.run(TestRunner.java:616)
at org.testng.SuiteRunner.runTest(SuiteRunner.java:421)
at org.testng.SuiteRunner.runSequentially(SuiteRunner.java:413)
at org.testng.SuiteRunner.privateRun(SuiteRunner.java:373)
at org.testng.SuiteRunner.run(SuiteRunner.java:312)
at org.testng.SuiteRunnerWorker.runSuite(SuiteRunnerWorker.java:52)
at org.testng.SuiteRunnerWorker.run(SuiteRunnerWorker.java:95)
at org.testng.TestNG.runSuitesSequentially(TestNG.java:1274)
at org.testng.TestNG.runSuitesLocally(TestNG.java:1208)
at org.testng.TestNG.runSuites(TestNG.java:1112)
at org.testng.TestNG.run(TestNG.java:1079)
at org.testng.remote.AbstractRemoteTestNG.run(AbstractRemoteTestNG.java:115)
at org.testng.remote.RemoteTestNG.initAndRun(RemoteTestNG.java:293)
at org.testng.remote.RemoteTestNG.main(RemoteTestNG.java:91)
]]>
            </full-stacktrace>
          </exception> <!-- org.openqa.selenium.InvalidElementStateException -->
          <reporter-output>
          </reporter-output>
        </test-method> <!-- checktest -->
      </class> <!-- Test.checkouttest -->
    </test> <!-- AllTests -->
  </suite> <!-- Suite -->
</testng-results>
