<?xml version="1.0" encoding="UTF-8"?>
<!-- Generated by org.testng.reporters.JUnitReportReporter -->
<testsuite hostname="DESKTOP-4ORC1A7" failures="0" tests="3" name="Test.logintest" time="86.817" errors="0" timestamp="2026-04-01T21:18:17 IST" skipped="0">
  <testcase classname="Test.logintest" name="loginTest" time="25.591"/>
  <testcase classname="Test.logintest" name="profile" time="17.368"/>
  <testcase classname="Test.logintest" name="addcategory" time="43.858"/>
</testsuite> <!-- Test.logintest -->
