<?xml version="1.0" encoding="UTF-8"?>
<!-- Generated by org.testng.reporters.JUnitReportReporter -->
<testsuite hostname="DESKTOP-4ORC1A7" failures="0" tests="2" name="Test.checkouttest" time="0.000" errors="0" timestamp="2026-05-20T16:28:36 IST" skipped="2">
  <testcase classname="Test.checkouttest" name="checktest" time="0.000">
    <skipped/>
  </testcase> <!-- checktest -->
  <testcase classname="Test.checkouttest" name="checktest" time="0.000">
    <skipped/>
  </testcase> <!-- checktest -->
</testsuite> <!-- Test.checkouttest -->
